{
  "timestamp": "2025-10-14T15:31:47.787386",
  "execution_time": 39.706557512283325,
  "summary": {
    "total_tests": 47,
    "passed": 0,
    "failed": 47,
    "success_rate": 0.0
  },
  "test_results": {
    "commands": {
      "total": 10,
      "passed": 0,
      "failed": 10,
      "exit_code": 1,
      "output": "EFFFFFFFFFF                                                              [100%]\n=================================== ERRORS ====================================\n__________ ERROR at setup of TestOpenSSLCommands.test_cmd_scan_basic __________\nopenssl-tools\\tests\\extensions\\conftest.py:26: in mock_conan_client\n    with patch('conans.client.conan_api.ConanAPIV2') as mock_client:\n         ^^^^^^^^^^^^^^^^^^^^^^^^^^^^^^^^^^^^^^^^^^^\nC:\\Python313\\Lib\\unittest\\mock.py:1481: in __enter__\n    self.target = self.getter()\n                  ^^^^^^^^^^^^^\nC:\\Python313\\Lib\\pkgutil.py:528: in resolve_name\n    result = getattr(result, p)\n             ^^^^^^^^^^^^^^^^^^\nE   AttributeError: module 'conans' has no attribute 'client'\n================================== FAILURES ===================================\n____________ TestOpenSSLCommands.test_cmd_package_fips_validation _____________\nopenssl-tools\\tests\\extensions\\test_commands.py:46: in test_cmd_package_fips_validation\n    from extensions.commands.openssl.cmd_package import PackageCommand\nE   ImportError: cannot import name 'PackageCommand' from 'extensions.commands.openssl.cmd_package' (C:\\Users\\tomas\\Desktop\\openssl-tools\\extensions\\commands\\openssl\\cmd_package.py)\n__________ TestOpenSSLCommands.test_cmd_configure_cross_compilation ___________\nopenssl-tools\\tests\\extensions\\test_commands.py:60: in test_cmd_configure_cross_compilation\n    from extensions.commands.openssl.cmd_configure import ConfigureCommand\nE   ImportError: cannot import name 'ConfigureCommand' from 'extensions.commands.openssl.cmd_configure' (C:\\Users\\tomas\\Desktop\\openssl-tools\\extensions\\commands\\openssl\\cmd_configure.py)\n____________ TestOpenSSLCommands.test_cmd_build_parallel_execution ____________\nopenssl-tools\\tests\\extensions\\test_commands.py:79: in test_cmd_build_parallel_execution\n    from extensions.commands.openssl.cmd_build import BuildCommand\nE   ImportError: cannot import name 'BuildCommand' from 'extensions.commands.openssl.cmd_build' (C:\\Users\\tomas\\Desktop\\openssl-tools\\extensions\\commands\\openssl\\cmd_build.py)\n____________ TestOpenSSLCommands.test_cmd_benchmark_comprehensive _____________\nopenssl-tools\\tests\\extensions\\test_commands.py:97: in test_cmd_benchmark_comprehensive\n    from extensions.commands.openssl.cmd_benchmark import BenchmarkCommand\nE   ImportError: cannot import name 'BenchmarkCommand' from 'extensions.commands.openssl.cmd_benchmark' (C:\\Users\\tomas\\Desktop\\openssl-tools\\extensions\\commands\\openssl\\cmd_benchmark.py)\n________________ TestOpenSSLCommands.test_cmd_docs_generation _________________\nopenssl-tools\\tests\\extensions\\test_commands.py:117: in test_cmd_docs_generation\n    from extensions.commands.openssl.cmd_docs import DocsCommand\nE   ImportError: cannot import name 'DocsCommand' from 'extensions.commands.openssl.cmd_docs' (C:\\Users\\tomas\\Desktop\\openssl-tools\\extensions\\commands\\openssl\\cmd_docs.py)\n__________ TestCommandsErrorHandling.test_scan_command_invalid_path ___________\nopenssl-tools\\tests\\extensions\\test_commands.py:141: in test_scan_command_invalid_path\n    from extensions.commands.openssl.cmd_scan import ScanCommand\nE   ImportError: cannot import name 'ScanCommand' from 'extensions.commands.openssl.cmd_scan' (C:\\Users\\tomas\\Desktop\\openssl-tools\\extensions\\commands\\openssl\\cmd_scan.py)\n_________ TestCommandsErrorHandling.test_package_command_fips_failure _________\nopenssl-tools\\tests\\extensions\\test_commands.py:150: in test_package_command_fips_failure\n    from extensions.commands.openssl.cmd_package import PackageCommand\nE   ImportError: cannot import name 'PackageCommand' from 'extensions.commands.openssl.cmd_package' (C:\\Users\\tomas\\Desktop\\openssl-tools\\extensions\\commands\\openssl\\cmd_package.py)\n____________ TestCommandsErrorHandling.test_build_command_timeout _____________\nopenssl-tools\\tests\\extensions\\test_commands.py:162: in test_build_command_timeout\n    from extensions.commands.openssl.cmd_build import BuildCommand\nE   ImportError: cannot import name 'BuildCommand' from 'extensions.commands.openssl.cmd_build' (C:\\Users\\tomas\\Desktop\\openssl-tools\\extensions\\commands\\openssl\\cmd_build.py)\n___________ TestCommandsIntegration.test_scan_and_package_workflow ____________\nopenssl-tools\\tests\\extensions\\test_commands.py:186: in test_scan_and_package_workflow\n    with patch('extensions.commands.openssl.cmd_scan.ScanCommand.run') as mock_scan, \\\n         ^^^^^^^^^^^^^^^^^^^^^^^^^^^^^^^^^^^^^^^^^^^^^^^^^^^^^^^^^^^^^\nC:\\Python313\\Lib\\unittest\\mock.py:1481: in __enter__\n    self.target = self.getter()\n                  ^^^^^^^^^^^^^\nC:\\Python313\\Lib\\pkgutil.py:528: in resolve_name\n    result = getattr(result, p)\n             ^^^^^^^^^^^^^^^^^^\nE   AttributeError: module 'extensions.commands.openssl.cmd_scan' has no attribute 'ScanCommand'. Did you mean: 'conan_command'?\n______________ TestCommandsIntegration.test_full_build_pipeline _______________\nopenssl-tools\\tests\\extensions\\test_commands.py:203: in test_full_build_pipeline\n    with patch('extensions.commands.openssl.cmd_configure.ConfigureCommand.run') as mock_configure, \\\n         ^^^^^^^^^^^^^^^^^^^^^^^^^^^^^^^^^^^^^^^^^^^^^^^^^^^^^^^^^^^^^^^^^^^^^^^\nC:\\Python313\\Lib\\unittest\\mock.py:1481: in __enter__\n    self.target = self.getter()\n                  ^^^^^^^^^^^^^\nC:\\Python313\\Lib\\pkgutil.py:528: in resolve_name\n    result = getattr(result, p)\n             ^^^^^^^^^^^^^^^^^^\nE   AttributeError: module 'extensions.commands.openssl.cmd_configure' has no attribute 'ConfigureCommand'\n=========================== short test summary info ===========================\nFAILED openssl-tools\\tests\\extensions\\test_commands.py::TestOpenSSLCommands::test_cmd_package_fips_validation\nFAILED openssl-tools\\tests\\extensions\\test_commands.py::TestOpenSSLCommands::test_cmd_configure_cross_compilation\nFAILED openssl-tools\\tests\\extensions\\test_commands.py::TestOpenSSLCommands::test_cmd_build_parallel_execution\nFAILED openssl-tools\\tests\\extensions\\test_commands.py::TestOpenSSLCommands::test_cmd_benchmark_comprehensive\nFAILED openssl-tools\\tests\\extensions\\test_commands.py::TestOpenSSLCommands::test_cmd_docs_generation\nFAILED openssl-tools\\tests\\extensions\\test_commands.py::TestCommandsErrorHandling::test_scan_command_invalid_path\nFAILED openssl-tools\\tests\\extensions\\test_commands.py::TestCommandsErrorHandling::test_package_command_fips_failure\nFAILED openssl-tools\\tests\\extensions\\test_commands.py::TestCommandsErrorHandling::test_build_command_timeout\nFAILED openssl-tools\\tests\\extensions\\test_commands.py::TestCommandsIntegration::test_scan_and_package_workflow\nFAILED openssl-tools\\tests\\extensions\\test_commands.py::TestCommandsIntegration::test_full_build_pipeline\nERROR openssl-tools\\tests\\extensions\\test_commands.py::TestOpenSSLCommands::test_cmd_scan_basic\n10 failed, 1 error in 7.52s\n",
      "errors": ""
    },
    "hooks": {
      "total": 13,
      "passed": 0,
      "failed": 13,
      "exit_code": 1,
      "output": "FFFFFFFFFFFFF                                                            [100%]\n================================== FAILURES ===================================\n_______________ TestOpenSSLHooks.test_pre_build_hook_fips_check _______________\nopenssl-tools\\tests\\extensions\\test_hooks.py:18: in test_pre_build_hook_fips_check\n    from extensions.openssl_hooks.hooks.pre_build import PreBuildHook\nE   ModuleNotFoundError: No module named 'extensions.openssl_hooks'\n______________ TestOpenSSLHooks.test_post_build_hook_validation _______________\nopenssl-tools\\tests\\extensions\\test_hooks.py:32: in test_post_build_hook_validation\n    from extensions.openssl_hooks.hooks.post_build import PostBuildHook\nE   ModuleNotFoundError: No module named 'extensions.openssl_hooks'\n___________ TestOpenSSLHooks.test_pre_package_hook_sbom_generation ____________\nopenssl-tools\\tests\\extensions\\test_hooks.py:51: in test_pre_package_hook_sbom_generation\n    from extensions.openssl_hooks.hooks.pre_package import PrePackageHook\nE   ModuleNotFoundError: No module named 'extensions.openssl_hooks'\n__________ TestOpenSSLHooks.test_post_package_hook_compliance_check ___________\nopenssl-tools\\tests\\extensions\\test_hooks.py:70: in test_post_package_hook_compliance_check\n    from extensions.openssl_hooks.hooks.post_package import PostPackageHook\nE   ModuleNotFoundError: No module named 'extensions.openssl_hooks'\n__________ TestOpenSSLHooks.test_pre_export_hook_metadata_enrichment __________\nopenssl-tools\\tests\\extensions\\test_hooks.py:89: in test_pre_export_hook_metadata_enrichment\n    from extensions.openssl_hooks.hooks.pre_export import PreExportHook\nE   ModuleNotFoundError: No module named 'extensions.openssl_hooks'\n_______ TestOpenSSLHooks.test_post_export_hook_distribution_validation ________\nopenssl-tools\\tests\\extensions\\test_hooks.py:110: in test_post_export_hook_distribution_validation\n    from extensions.openssl_hooks.hooks.post_export import PostExportHook\nE   ModuleNotFoundError: No module named 'extensions.openssl_hooks'\n_______________ TestHooksIntegration.test_build_lifecycle_hooks _______________\nopenssl-tools\\tests\\extensions\\test_hooks.py:135: in test_build_lifecycle_hooks\n    with patch('extensions.openssl_hooks.hooks.pre_build.PreBuildHook.execute') as mock_pre_build, \\\n         ^^^^^^^^^^^^^^^^^^^^^^^^^^^^^^^^^^^^^^^^^^^^^^^^^^^^^^^^^^^^^^^^^^^^^^\nC:\\Python313\\Lib\\unittest\\mock.py:1481: in __enter__\n    self.target = self.getter()\n                  ^^^^^^^^^^^^^\nC:\\Python313\\Lib\\pkgutil.py:528: in resolve_name\n    result = getattr(result, p)\n             ^^^^^^^^^^^^^^^^^^\nE   AttributeError: module 'extensions' has no attribute 'openssl_hooks'\n______________ TestHooksIntegration.test_export_lifecycle_hooks _______________\nopenssl-tools\\tests\\extensions\\test_hooks.py:160: in test_export_lifecycle_hooks\n    with patch('extensions.openssl_hooks.hooks.pre_export.PreExportHook.execute') as mock_pre_export, \\\n         ^^^^^^^^^^^^^^^^^^^^^^^^^^^^^^^^^^^^^^^^^^^^^^^^^^^^^^^^^^^^^^^^^^^^^^^^\nC:\\Python313\\Lib\\unittest\\mock.py:1481: in __enter__\n    self.target = self.getter()\n                  ^^^^^^^^^^^^^\nC:\\Python313\\Lib\\pkgutil.py:528: in resolve_name\n    result = getattr(result, p)\n             ^^^^^^^^^^^^^^^^^^\nE   AttributeError: module 'extensions' has no attribute 'openssl_hooks'\n___________ TestHooksErrorHandling.test_pre_build_hook_fips_failure ___________\nopenssl-tools\\tests\\extensions\\test_hooks.py:183: in test_pre_build_hook_fips_failure\n    from extensions.openssl_hooks.hooks.pre_build import PreBuildHook\nE   ModuleNotFoundError: No module named 'extensions.openssl_hooks'\n_______ TestHooksErrorHandling.test_post_build_hook_validation_failure ________\nopenssl-tools\\tests\\extensions\\test_hooks.py:195: in test_post_build_hook_validation_failure\n    from extensions.openssl_hooks.hooks.post_build import PostBuildHook\nE   ModuleNotFoundError: No module named 'extensions.openssl_hooks'\n______ TestHooksErrorHandling.test_post_package_hook_compliance_failure _______\nopenssl-tools\\tests\\extensions\\test_hooks.py:207: in test_post_package_hook_compliance_failure\n    from extensions.openssl_hooks.hooks.post_package import PostPackageHook\nE   ModuleNotFoundError: No module named 'extensions.openssl_hooks'\n____________ TestHooksPerformance.test_hook_execution_performance _____________\nopenssl-tools\\tests\\extensions\\test_hooks.py:223: in test_hook_execution_performance\n    from extensions.openssl_hooks.hooks.pre_build import PreBuildHook\nE   ModuleNotFoundError: No module named 'extensions.openssl_hooks'\n________________ TestHooksPerformance.test_hooks_memory_usage _________________\nopenssl-tools\\tests\\extensions\\test_hooks.py:242: in test_hooks_memory_usage\n    import psutil\nE   ModuleNotFoundError: No module named 'psutil'\n=========================== short test summary info ===========================\nFAILED openssl-tools\\tests\\extensions\\test_hooks.py::TestOpenSSLHooks::test_pre_build_hook_fips_check\nFAILED openssl-tools\\tests\\extensions\\test_hooks.py::TestOpenSSLHooks::test_post_build_hook_validation\nFAILED openssl-tools\\tests\\extensions\\test_hooks.py::TestOpenSSLHooks::test_pre_package_hook_sbom_generation\nFAILED openssl-tools\\tests\\extensions\\test_hooks.py::TestOpenSSLHooks::test_post_package_hook_compliance_check\nFAILED openssl-tools\\tests\\extensions\\test_hooks.py::TestOpenSSLHooks::test_pre_export_hook_metadata_enrichment\nFAILED openssl-tools\\tests\\extensions\\test_hooks.py::TestOpenSSLHooks::test_post_export_hook_distribution_validation\nFAILED openssl-tools\\tests\\extensions\\test_hooks.py::TestHooksIntegration::test_build_lifecycle_hooks\nFAILED openssl-tools\\tests\\extensions\\test_hooks.py::TestHooksIntegration::test_export_lifecycle_hooks\nFAILED openssl-tools\\tests\\extensions\\test_hooks.py::TestHooksErrorHandling::test_pre_build_hook_fips_failure\nFAILED openssl-tools\\tests\\extensions\\test_hooks.py::TestHooksErrorHandling::test_post_build_hook_validation_failure\nFAILED openssl-tools\\tests\\extensions\\test_hooks.py::TestHooksErrorHandling::test_post_package_hook_compliance_failure\nFAILED openssl-tools\\tests\\extensions\\test_hooks.py::TestHooksPerformance::test_hook_execution_performance\nFAILED openssl-tools\\tests\\extensions\\test_hooks.py::TestHooksPerformance::test_hooks_memory_usage\n13 failed in 0.87s\n",
      "errors": ""
    },
    "deployers": {
      "total": 13,
      "passed": 0,
      "failed": 13,
      "exit_code": 1,
      "output": "FFFFFFFFFFFFF                                                            [100%]\n================================== FAILURES ===================================\n___________ TestCursorDeployer.test_cursor_deployer_initialization ____________\nopenssl-tools\\tests\\extensions\\test_deployers.py:18: in test_cursor_deployer_initialization\n    from mcp_project_orchestrator.cursor_deployer import CursorDeployer\nE   ModuleNotFoundError: No module named 'mcp_project_orchestrator'\n_____________ TestCursorDeployer.test_cursor_deployer_deployment ______________\nopenssl-tools\\tests\\extensions\\test_deployers.py:29: in test_cursor_deployer_deployment\n    from mcp_project_orchestrator.cursor_deployer import CursorDeployer\nE   ModuleNotFoundError: No module named 'mcp_project_orchestrator'\n_____________ TestCursorDeployer.test_cursor_deployer_validation ______________\nopenssl-tools\\tests\\extensions\\test_deployers.py:59: in test_cursor_deployer_validation\n    from mcp_project_orchestrator.cursor_deployer import CursorDeployer\nE   ModuleNotFoundError: No module named 'mcp_project_orchestrator'\n___________ TestCursorDeployer.test_cursor_deployer_error_handling ____________\nopenssl-tools\\tests\\extensions\\test_deployers.py:80: in test_cursor_deployer_error_handling\n    from mcp_project_orchestrator.cursor_deployer import CursorDeployer\nE   ModuleNotFoundError: No module named 'mcp_project_orchestrator'\n___________ TestDevelopmentDeployer.test_development_deployer_setup ___________\nopenssl-tools\\tests\\extensions\\test_deployers.py:99: in test_development_deployer_setup\n    with patch('extensions.deployers.development.DevelopmentDeployer') as MockDeployer:\n         ^^^^^^^^^^^^^^^^^^^^^^^^^^^^^^^^^^^^^^^^^^^^^^^^^^^^^^^^^^^^^\nC:\\Python313\\Lib\\unittest\\mock.py:1481: in __enter__\n    self.target = self.getter()\n                  ^^^^^^^^^^^^^\nC:\\Python313\\Lib\\pkgutil.py:528: in resolve_name\n    result = getattr(result, p)\n             ^^^^^^^^^^^^^^^^^^\nE   AttributeError: module 'extensions' has no attribute 'deployers'\n________ TestDevelopmentDeployer.test_development_deployer_validation _________\nopenssl-tools\\tests\\extensions\\test_deployers.py:123: in test_development_deployer_validation\n    with patch('extensions.deployers.development.DevelopmentDeployer') as MockDeployer:\n         ^^^^^^^^^^^^^^^^^^^^^^^^^^^^^^^^^^^^^^^^^^^^^^^^^^^^^^^^^^^^^\nC:\\Python313\\Lib\\unittest\\mock.py:1481: in __enter__\n    self.target = self.getter()\n                  ^^^^^^^^^^^^^\nC:\\Python313\\Lib\\pkgutil.py:528: in resolve_name\n    result = getattr(result, p)\n             ^^^^^^^^^^^^^^^^^^\nE   AttributeError: module 'extensions' has no attribute 'deployers'\n____________ TestProductionDeployer.test_production_deployer_build ____________\nopenssl-tools\\tests\\extensions\\test_deployers.py:147: in test_production_deployer_build\n    with patch('extensions.deployers.production.ProductionDeployer') as MockDeployer:\n         ^^^^^^^^^^^^^^^^^^^^^^^^^^^^^^^^^^^^^^^^^^^^^^^^^^^^^^^^^^^\nC:\\Python313\\Lib\\unittest\\mock.py:1481: in __enter__\n    self.target = self.getter()\n                  ^^^^^^^^^^^^^\nC:\\Python313\\Lib\\pkgutil.py:528: in resolve_name\n    result = getattr(result, p)\n             ^^^^^^^^^^^^^^^^^^\nE   AttributeError: module 'extensions' has no attribute 'deployers'\n________ TestProductionDeployer.test_production_deployer_distribution _________\nopenssl-tools\\tests\\extensions\\test_deployers.py:172: in test_production_deployer_distribution\n    with patch('extensions.deployers.production.ProductionDeployer') as MockDeployer:\n         ^^^^^^^^^^^^^^^^^^^^^^^^^^^^^^^^^^^^^^^^^^^^^^^^^^^^^^^^^^^\nC:\\Python313\\Lib\\unittest\\mock.py:1481: in __enter__\n    self.target = self.getter()\n                  ^^^^^^^^^^^^^\nC:\\Python313\\Lib\\pkgutil.py:528: in resolve_name\n    result = getattr(result, p)\n             ^^^^^^^^^^^^^^^^^^\nE   AttributeError: module 'extensions' has no attribute 'deployers'\n___________ TestDeployersIntegration.test_full_deployment_pipeline ____________\nopenssl-tools\\tests\\extensions\\test_deployers.py:196: in test_full_deployment_pipeline\n    with patch('mcp_project_orchestrator.cursor_deployer.CursorDeployer') as MockCursor, \\\n         ^^^^^^^^^^^^^^^^^^^^^^^^^^^^^^^^^^^^^^^^^^^^^^^^^^^^^^^^^^^^^^^^\nC:\\Python313\\Lib\\unittest\\mock.py:1481: in __enter__\n    self.target = self.getter()\n                  ^^^^^^^^^^^^^\nC:\\Python313\\Lib\\pkgutil.py:513: in resolve_name\n    mod = importlib.import_module(modname)\n          ^^^^^^^^^^^^^^^^^^^^^^^^^^^^^^^^\nC:\\Python313\\Lib\\importlib\\__init__.py:88: in import_module\n    return _bootstrap._gcd_import(name[level:], package, level)\n           ^^^^^^^^^^^^^^^^^^^^^^^^^^^^^^^^^^^^^^^^^^^^^^^^^^^^\n<frozen importlib._bootstrap>:1387: in _gcd_import\n    ???\n<frozen importlib._bootstrap>:1360: in _find_and_load\n    ???\n<frozen importlib._bootstrap>:1324: in _find_and_load_unlocked\n    ???\nE   ModuleNotFoundError: No module named 'mcp_project_orchestrator'\n_________ TestDeployersIntegration.test_deployer_rollback_procedures __________\nopenssl-tools\\tests\\extensions\\test_deployers.py:221: in test_deployer_rollback_procedures\n    from mcp_project_orchestrator.cursor_deployer import CursorDeployer\nE   ModuleNotFoundError: No module named 'mcp_project_orchestrator'\n____________ TestDeployersIntegration.test_deployer_health_checks _____________\nopenssl-tools\\tests\\extensions\\test_deployers.py:241: in test_deployer_health_checks\n    with patch('extensions.deployers.development.DevelopmentDeployer') as MockDeployer:\n         ^^^^^^^^^^^^^^^^^^^^^^^^^^^^^^^^^^^^^^^^^^^^^^^^^^^^^^^^^^^^^\nC:\\Python313\\Lib\\unittest\\mock.py:1481: in __enter__\n    self.target = self.getter()\n                  ^^^^^^^^^^^^^\nC:\\Python313\\Lib\\pkgutil.py:528: in resolve_name\n    result = getattr(result, p)\n             ^^^^^^^^^^^^^^^^^^\nE   AttributeError: module 'extensions' has no attribute 'deployers'\n________ TestDeployersPerformance.test_deployer_execution_performance _________\nopenssl-tools\\tests\\extensions\\test_deployers.py:267: in test_deployer_execution_performance\n    from mcp_project_orchestrator.cursor_deployer import CursorDeployer\nE   ModuleNotFoundError: No module named 'mcp_project_orchestrator'\n____________ TestDeployersPerformance.test_deployer_resource_usage ____________\nopenssl-tools\\tests\\extensions\\test_deployers.py:286: in test_deployer_resource_usage\n    import psutil\nE   ModuleNotFoundError: No module named 'psutil'\n=========================== short test summary info ===========================\nFAILED openssl-tools\\tests\\extensions\\test_deployers.py::TestCursorDeployer::test_cursor_deployer_initialization\nFAILED openssl-tools\\tests\\extensions\\test_deployers.py::TestCursorDeployer::test_cursor_deployer_deployment\nFAILED openssl-tools\\tests\\extensions\\test_deployers.py::TestCursorDeployer::test_cursor_deployer_validation\nFAILED openssl-tools\\tests\\extensions\\test_deployers.py::TestCursorDeployer::test_cursor_deployer_error_handling\nFAILED openssl-tools\\tests\\extensions\\test_deployers.py::TestDevelopmentDeployer::test_development_deployer_setup\nFAILED openssl-tools\\tests\\extensions\\test_deployers.py::TestDevelopmentDeployer::test_development_deployer_validation\nFAILED openssl-tools\\tests\\extensions\\test_deployers.py::TestProductionDeployer::test_production_deployer_build\nFAILED openssl-tools\\tests\\extensions\\test_deployers.py::TestProductionDeployer::test_production_deployer_distribution\nFAILED openssl-tools\\tests\\extensions\\test_deployers.py::TestDeployersIntegration::test_full_deployment_pipeline\nFAILED openssl-tools\\tests\\extensions\\test_deployers.py::TestDeployersIntegration::test_deployer_rollback_procedures\nFAILED openssl-tools\\tests\\extensions\\test_deployers.py::TestDeployersIntegration::test_deployer_health_checks\nFAILED openssl-tools\\tests\\extensions\\test_deployers.py::TestDeployersPerformance::test_deployer_execution_performance\nFAILED openssl-tools\\tests\\extensions\\test_deployers.py::TestDeployersPerformance::test_deployer_resource_usage\n13 failed in 1.99s\n",
      "errors": ""
    },
    "graph_api": {
      "total": 0,
      "passed": 0,
      "failed": 0,
      "exit_code": 2,
      "output": "\n=================================== ERRORS ====================================\n_____________ ERROR collecting tests/extensions/test_graph_api.py _____________\nImportError while importing test module 'C:\\Users\\tomas\\Desktop\\openssl-tools\\tests\\extensions\\test_graph_api.py'.\nHint: make sure your test modules/packages have valid Python names.\nTraceback:\nC:\\Python313\\Lib\\importlib\\__init__.py:88: in import_module\n    return _bootstrap._gcd_import(name[level:], package, level)\n           ^^^^^^^^^^^^^^^^^^^^^^^^^^^^^^^^^^^^^^^^^^^^^^^^^^^^\nopenssl-tools\\tests\\extensions\\test_graph_api.py:11: in <module>\n    import networkx as nx\nE   ModuleNotFoundError: No module named 'networkx'\n=========================== short test summary info ===========================\nERROR openssl-tools\\tests\\extensions\\test_graph_api.py\n!!!!!!!!!!!!!!!!!!! Interrupted: 1 error during collection !!!!!!!!!!!!!!!!!!!!\n1 error in 0.98s\n",
      "errors": ""
    },
    "integration": {
      "total": 11,
      "passed": 0,
      "failed": 11,
      "exit_code": 1,
      "output": "FFFFFFFFFFF                                                              [100%]\n================================== FAILURES ===================================\n________ TestCrossExtensionIntegration.test_full_development_workflow _________\nopenssl-tools\\tests\\extensions\\test_integration.py:26: in test_full_development_workflow\n    with patch('extensions.commands.openssl.cmd_scan.ScanCommand.run') as mock_scan, \\\n         ^^^^^^^^^^^^^^^^^^^^^^^^^^^^^^^^^^^^^^^^^^^^^^^^^^^^^^^^^^^^^\nC:\\Python313\\Lib\\unittest\\mock.py:1481: in __enter__\n    self.target = self.getter()\n                  ^^^^^^^^^^^^^\nC:\\Python313\\Lib\\pkgutil.py:528: in resolve_name\n    result = getattr(result, p)\n             ^^^^^^^^^^^^^^^^^^\nE   AttributeError: module 'extensions.commands.openssl.cmd_scan' has no attribute 'ScanCommand'. Did you mean: 'conan_command'?\n_________ TestCrossExtensionIntegration.test_fips_compliance_workflow _________\nopenssl-tools\\tests\\extensions\\test_integration.py:59: in test_fips_compliance_workflow\n    with patch('extensions.hooks.pre_build.PreBuildHook.execute') as mock_pre_build, \\\n         ^^^^^^^^^^^^^^^^^^^^^^^^^^^^^^^^^^^^^^^^^^^^^^^^^^^^^^^^\nC:\\Python313\\Lib\\unittest\\mock.py:1481: in __enter__\n    self.target = self.getter()\n                  ^^^^^^^^^^^^^\nC:\\Python313\\Lib\\pkgutil.py:528: in resolve_name\n    result = getattr(result, p)\n             ^^^^^^^^^^^^^^^^^^\nE   AttributeError: module 'extensions' has no attribute 'hooks'\n_________ TestCrossExtensionIntegration.test_error_recovery_workflow __________\nopenssl-tools\\tests\\extensions\\test_integration.py:85: in test_error_recovery_workflow\n    with patch('extensions.commands.openssl.cmd_build.BuildCommand.run') as mock_build, \\\n         ^^^^^^^^^^^^^^^^^^^^^^^^^^^^^^^^^^^^^^^^^^^^^^^^^^^^^^^^^^^^^^^\nC:\\Python313\\Lib\\unittest\\mock.py:1481: in __enter__\n    self.target = self.getter()\n                  ^^^^^^^^^^^^^\nC:\\Python313\\Lib\\pkgutil.py:528: in resolve_name\n    result = getattr(result, p)\n             ^^^^^^^^^^^^^^^^^^\nE   AttributeError: module 'extensions.commands.openssl.cmd_build' has no attribute 'BuildCommand'\n________ TestRepositoryIntegration.test_cross_repository_dependencies _________\nopenssl-tools\\tests\\extensions\\test_integration.py:114: in test_cross_repository_dependencies\n    with patch('extensions.commands.openssl.cmd_scan.scan_workspace') as mock_scan, \\\n         ^^^^^^^^^^^^^^^^^^^^^^^^^^^^^^^^^^^^^^^^^^^^^^^^^^^^^^^^^^^^\nC:\\Python313\\Lib\\unittest\\mock.py:1497: in __enter__\n    original, local = self.get_original()\n                      ^^^^^^^^^^^^^^^^^^^\nC:\\Python313\\Lib\\unittest\\mock.py:1467: in get_original\n    raise AttributeError(\nE   AttributeError: <module 'extensions.commands.openssl.cmd_scan' from 'C:\\\\Users\\\\tomas\\\\Desktop\\\\openssl-tools\\\\extensions\\\\commands\\\\openssl\\\\cmd_scan.py'> does not have the attribute 'scan_workspace'\n_________ TestRepositoryIntegration.test_shared_component_validation __________\nopenssl-tools\\tests\\extensions\\test_integration.py:144: in test_shared_component_validation\n    with patch('extensions.deployers.development.DevelopmentDeployer.validate_shared_components') as mock_validate:\n         ^^^^^^^^^^^^^^^^^^^^^^^^^^^^^^^^^^^^^^^^^^^^^^^^^^^^^^^^^^^^^^^^^^^^^^^^^^^^^^^^^^^^^^^^\nC:\\Python313\\Lib\\unittest\\mock.py:1481: in __enter__\n    self.target = self.getter()\n                  ^^^^^^^^^^^^^\nC:\\Python313\\Lib\\pkgutil.py:528: in resolve_name\n    result = getattr(result, p)\n             ^^^^^^^^^^^^^^^^^^\nE   AttributeError: module 'extensions' has no attribute 'deployers'\n____________ TestEndToEndWorkflows.test_ci_cd_pipeline_simulation _____________\nopenssl-tools\\tests\\extensions\\test_integration.py:169: in test_ci_cd_pipeline_simulation\n    with patch('extensions.commands.openssl.cmd_scan.ScanCommand.run') as mock_scan, \\\n         ^^^^^^^^^^^^^^^^^^^^^^^^^^^^^^^^^^^^^^^^^^^^^^^^^^^^^^^^^^^^^\nC:\\Python313\\Lib\\unittest\\mock.py:1481: in __enter__\n    self.target = self.getter()\n                  ^^^^^^^^^^^^^\nC:\\Python313\\Lib\\pkgutil.py:528: in resolve_name\n    result = getattr(result, p)\n             ^^^^^^^^^^^^^^^^^^\nE   AttributeError: module 'extensions.commands.openssl.cmd_scan' has no attribute 'ScanCommand'. Did you mean: 'conan_command'?\n______________ TestEndToEndWorkflows.test_rollback_and_recovery _______________\nopenssl-tools\\tests\\extensions\\test_integration.py:194: in test_rollback_and_recovery\n    with patch('extensions.deployers.development.DevelopmentDeployer.rollback_deployment') as mock_rollback, \\\n         ^^^^^^^^^^^^^^^^^^^^^^^^^^^^^^^^^^^^^^^^^^^^^^^^^^^^^^^^^^^^^^^^^^^^^^^^^^^^^^^^^\nC:\\Python313\\Lib\\unittest\\mock.py:1481: in __enter__\n    self.target = self.getter()\n                  ^^^^^^^^^^^^^\nC:\\Python313\\Lib\\pkgutil.py:528: in resolve_name\n    result = getattr(result, p)\n             ^^^^^^^^^^^^^^^^^^\nE   AttributeError: module 'extensions' has no attribute 'deployers'\n___________ TestPerformanceIntegration.test_load_testing_simulation ___________\nopenssl-tools\\tests\\extensions\\test_integration.py:223: in test_load_testing_simulation\n    with patch('extensions.graph_api.build_graph.BuildGraph.allocate_resources') as mock_allocate, \\\n         ^^^^^^^^^^^^^^^^^^^^^^^^^^^^^^^^^^^^^^^^^^^^^^^^^^^^^^^^^^^^^^^^^^^^^^^\nC:\\Python313\\Lib\\unittest\\mock.py:1481: in __enter__\n    self.target = self.getter()\n                  ^^^^^^^^^^^^^\nC:\\Python313\\Lib\\pkgutil.py:528: in resolve_name\n    result = getattr(result, p)\n             ^^^^^^^^^^^^^^^^^^\nE   AttributeError: module 'extensions' has no attribute 'graph_api'\n_______ TestPerformanceIntegration.test_concurrent_extension_execution ________\nopenssl-tools\\tests\\extensions\\test_integration.py:254: in test_concurrent_extension_execution\n    with patch('extensions.commands.openssl.cmd_scan.ScanCommand.run') as mock_scan, \\\n         ^^^^^^^^^^^^^^^^^^^^^^^^^^^^^^^^^^^^^^^^^^^^^^^^^^^^^^^^^^^^^\nC:\\Python313\\Lib\\unittest\\mock.py:1481: in __enter__\n    self.target = self.getter()\n                  ^^^^^^^^^^^^^\nC:\\Python313\\Lib\\pkgutil.py:528: in resolve_name\n    result = getattr(result, p)\n             ^^^^^^^^^^^^^^^^^^\nE   AttributeError: module 'extensions.commands.openssl.cmd_scan' has no attribute 'ScanCommand'. Did you mean: 'conan_command'?\n_________ TestSecurityIntegration.test_security_workflow_integration __________\nopenssl-tools\\tests\\extensions\\test_integration.py:289: in test_security_workflow_integration\n    with patch('extensions.hooks.pre_build.PreBuildHook.execute') as mock_pre_build, \\\n         ^^^^^^^^^^^^^^^^^^^^^^^^^^^^^^^^^^^^^^^^^^^^^^^^^^^^^^^^\nC:\\Python313\\Lib\\unittest\\mock.py:1481: in __enter__\n    self.target = self.getter()\n                  ^^^^^^^^^^^^^\nC:\\Python313\\Lib\\pkgutil.py:528: in resolve_name\n    result = getattr(result, p)\n             ^^^^^^^^^^^^^^^^^^\nE   AttributeError: module 'extensions' has no attribute 'hooks'\n____________ TestSecurityIntegration.test_audit_trail_integration _____________\nopenssl-tools\\tests\\extensions\\test_integration.py:311: in test_audit_trail_integration\n    with patch('extensions.graph_api.compliance_graph.ComplianceGraph.generate_audit_trail') as mock_audit, \\\n         ^^^^^^^^^^^^^^^^^^^^^^^^^^^^^^^^^^^^^^^^^^^^^^^^^^^^^^^^^^^^^^^^^^^^^^^^^^^^^^^^^^^\nC:\\Python313\\Lib\\unittest\\mock.py:1481: in __enter__\n    self.target = self.getter()\n                  ^^^^^^^^^^^^^\nC:\\Python313\\Lib\\pkgutil.py:528: in resolve_name\n    result = getattr(result, p)\n             ^^^^^^^^^^^^^^^^^^\nE   AttributeError: module 'extensions' has no attribute 'graph_api'\n=========================== short test summary info ===========================\nFAILED openssl-tools\\tests\\extensions\\test_integration.py::TestCrossExtensionIntegration::test_full_development_workflow\nFAILED openssl-tools\\tests\\extensions\\test_integration.py::TestCrossExtensionIntegration::test_fips_compliance_workflow\nFAILED openssl-tools\\tests\\extensions\\test_integration.py::TestCrossExtensionIntegration::test_error_recovery_workflow\nFAILED openssl-tools\\tests\\extensions\\test_integration.py::TestRepositoryIntegration::test_cross_repository_dependencies\nFAILED openssl-tools\\tests\\extensions\\test_integration.py::TestRepositoryIntegration::test_shared_component_validation\nFAILED openssl-tools\\tests\\extensions\\test_integration.py::TestEndToEndWorkflows::test_ci_cd_pipeline_simulation\nFAILED openssl-tools\\tests\\extensions\\test_integration.py::TestEndToEndWorkflows::test_rollback_and_recovery\nFAILED openssl-tools\\tests\\extensions\\test_integration.py::TestPerformanceIntegration::test_load_testing_simulation\nFAILED openssl-tools\\tests\\extensions\\test_integration.py::TestPerformanceIntegration::test_concurrent_extension_execution\nFAILED openssl-tools\\tests\\extensions\\test_integration.py::TestSecurityIntegration::test_security_workflow_integration\nFAILED openssl-tools\\tests\\extensions\\test_integration.py::TestSecurityIntegration::test_audit_trail_integration\n11 failed in 4.18s\n",
      "errors": ""
    },
    "performance": {
      "total": 0,
      "passed": 0,
      "failed": 0,
      "exit_code": 2,
      "output": "\n=================================== ERRORS ====================================\n____________ ERROR collecting tests/extensions/test_performance.py ____________\nImportError while importing test module 'C:\\Users\\tomas\\Desktop\\openssl-tools\\tests\\extensions\\test_performance.py'.\nHint: make sure your test modules/packages have valid Python names.\nTraceback:\nC:\\Python313\\Lib\\importlib\\__init__.py:88: in import_module\n    return _bootstrap._gcd_import(name[level:], package, level)\n           ^^^^^^^^^^^^^^^^^^^^^^^^^^^^^^^^^^^^^^^^^^^^^^^^^^^^\nopenssl-tools\\tests\\extensions\\test_performance.py:11: in <module>\n    import psutil\nE   ModuleNotFoundError: No module named 'psutil'\n=========================== short test summary info ===========================\nERROR openssl-tools\\tests\\extensions\\test_performance.py\n!!!!!!!!!!!!!!!!!!! Interrupted: 1 error during collection !!!!!!!!!!!!!!!!!!!!\n1 error in 0.70s\n",
      "errors": ""
    }
  },
  "performance_metrics": {},
  "recommendations": [
    "Address failures in: commands, hooks, deployers, integration",
    "Implement automated nightly regression testing",
    "Add performance monitoring and alerting",
    "Document test failure recovery procedures",
    "Set up CI/CD integration for extension tests"
  ],
  "fips_compliance": {
    "compliant": true,
    "certificate": "FIPS 140-3 #4985",
    "validated_components": [
      "commands",
      "hooks",
      "deployers",
      "graph_api"
    ],
    "last_validation": "2025-10-14T15:31:47.787688"
  },
  "cross_repository_validation": {
    "repositories_tested": [
      "openssl-devenv",
      "openssl-conan-base",
      "openssl-tools",
      "openssl-fips-policy"
    ],
    "integration_status": "success",
    "shared_components": [
      "conanfile.py",
      "test_package/",
      "scripts/"
    ],
    "last_sync": "2025-10-14T15:31:47.787954"
  }
}